<?xml version="1.0" encoding="UTF-8"?>
<coverage generated="1651233403237" clover="3.2.0">
  <project timestamp="1651233403237" name="All files">
    <metrics statements="45" coveredstatements="20" conditionals="10" coveredconditionals="4" methods="14" coveredmethods="7" elements="69" coveredelements="31" complexity="0" loc="45" ncloc="45" packages="1" files="3" classes="3"/>
    <file name="Header.jsx" path="C:\Users\RGambelic\Desktop\blogproject\src\components\Header.jsx">
      <metrics statements="3" coveredstatements="3" conditionals="0" coveredconditionals="0" methods="2" coveredmethods="2"/>
      <line num="4" count="1" type="stmt"/>
      <line num="5" count="2" type="stmt"/>
      <line num="27" count="1" type="stmt"/>
    </file>
    <file name="ModalComponent.jsx" path="C:\Users\RGambelic\Desktop\blogproject\src\components\ModalComponent.jsx">
      <metrics statements="28" coveredstatements="10" conditionals="10" coveredconditionals="4" methods="7" coveredmethods="2"/>
      <line num="7" count="1" type="stmt"/>
      <line num="14" count="4" type="stmt"/>
      <line num="15" count="4" type="stmt"/>
      <line num="17" count="4" type="stmt"/>
      <line num="18" count="1" type="cond" truecount="3" falsecount="1"/>
      <line num="19" count="0" type="stmt"/>
      <line num="23" count="0" type="stmt"/>
      <line num="30" count="0" type="stmt"/>
      <line num="31" count="0" type="stmt"/>
      <line num="34" count="1" type="stmt"/>
      <line num="36" count="1" type="cond" truecount="1" falsecount="1"/>
      <line num="37" count="1" type="stmt"/>
      <line num="38" count="1" type="stmt"/>
      <line num="46" count="0" type="stmt"/>
      <line num="49" count="0" type="stmt"/>
      <line num="50" count="0" type="stmt"/>
      <line num="60" count="0" type="stmt"/>
      <line num="64" count="0" type="stmt"/>
      <line num="72" count="0" type="stmt"/>
      <line num="73" count="0" type="cond" truecount="0" falsecount="4"/>
      <line num="74" count="0" type="stmt"/>
      <line num="78" count="0" type="stmt"/>
      <line num="86" count="0" type="stmt"/>
      <line num="87" count="0" type="stmt"/>
      <line num="88" count="0" type="stmt"/>
      <line num="91" count="4" type="stmt"/>
      <line num="96" count="0" type="stmt"/>
      <line num="129" count="0" type="stmt"/>
    </file>
    <file name="NavbarComponent.jsx" path="C:\Users\RGambelic\Desktop\blogproject\src\components\NavbarComponent.jsx">
      <metrics statements="14" coveredstatements="7" conditionals="0" coveredconditionals="0" methods="5" coveredmethods="3"/>
      <line num="5" count="1" type="stmt"/>
      <line num="6" count="3" type="stmt"/>
      <line num="8" count="3" type="stmt"/>
      <line num="9" count="0" type="stmt"/>
      <line num="10" count="0" type="stmt"/>
      <line num="11" count="0" type="stmt"/>
      <line num="19" count="0" type="stmt"/>
      <line num="20" count="0" type="stmt"/>
      <line num="22" count="0" type="stmt"/>
      <line num="26" count="3" type="stmt"/>
      <line num="31" count="1" type="stmt"/>
      <line num="32" count="1" type="stmt"/>
      <line num="42" count="0" type="stmt"/>
      <line num="52" count="1" type="stmt"/>
    </file>
  </project>
</coverage>
