{"C:\\Users\\RGambelic\\Desktop\\blogproject\\src\\components\\Header.jsx": {"path":"C:\\Users\\RGambelic\\Desktop\\blogproject\\src\\components\\Header.jsx","statementMap":{"0":{"start":{"line":4,"column":15},"end":{"line":36,"column":1}},"1":{"start":{"line":5,"column":1},"end":{"line":35,"column":3}},"2":{"start":{"line":27,"column":7},"end":{"line":27,"column":26}}},"fnMap":{"0":{"name":"(anonymous_0)","decl":{"start":{"line":4,"column":15},"end":{"line":4,"column":16}},"loc":{"start":{"line":4,"column":46},"end":{"line":36,"column":1}},"line":4},"1":{"name":"(anonymous_1)","decl":{"start":{"line":26,"column":15},"end":{"line":26,"column":16}},"loc":{"start":{"line":26,"column":21},"end":{"line":28,"column":7}},"line":26}},"branchMap":{},"s":{"0":1,"1":2,"2":1},"f":{"0":2,"1":1},"b":{},"_coverageSchema":"1a1c01bbd47fc00a2c39e90264f33305004495a9","hash":"73d55e8ca89431225d2cc34049f6a2812e4721ec"}
,"C:\\Users\\RGambelic\\Desktop\\blogproject\\src\\components\\ModalComponent.jsx": {"path":"C:\\Users\\RGambelic\\Desktop\\blogproject\\src\\components\\ModalComponent.jsx","statementMap":{"0":{"start":{"line":7,"column":23},"end":{"line":139,"column":1}},"1":{"start":{"line":14,"column":27},"end":{"line":14,"column":39}},"2":{"start":{"line":15,"column":25},"end":{"line":15,"column":37}},"3":{"start":{"line":17,"column":20},"end":{"line":89,"column":2}},"4":{"start":{"line":18,"column":2},"end":{"line":32,"column":3}},"5":{"start":{"line":19,"column":3},"end":{"line":29,"column":5}},"6":{"start":{"line":23,"column":6},"end":{"line":23,"column":21}},"7":{"start":{"line":30,"column":3},"end":{"line":30,"column":23}},"8":{"start":{"line":31,"column":3},"end":{"line":31,"column":10}},"9":{"start":{"line":34,"column":19},"end":{"line":34,"column":52}},"10":{"start":{"line":36,"column":2},"end":{"line":48,"column":3}},"11":{"start":{"line":37,"column":3},"end":{"line":47,"column":4}},"12":{"start":{"line":38,"column":16},"end":{"line":44,"column":5}},"13":{"start":{"line":46,"column":4},"end":{"line":46,"column":23}},"14":{"start":{"line":49,"column":2},"end":{"line":71,"column":3}},"15":{"start":{"line":50,"column":3},"end":{"line":58,"column":5}},"16":{"start":{"line":60,"column":3},"end":{"line":70,"column":5}},"17":{"start":{"line":64,"column":6},"end":{"line":64,"column":21}},"18":{"start":{"line":72,"column":2},"end":{"line":72,"column":19}},"19":{"start":{"line":73,"column":2},"end":{"line":85,"column":3}},"20":{"start":{"line":74,"column":3},"end":{"line":84,"column":5}},"21":{"start":{"line":78,"column":6},"end":{"line":78,"column":21}},"22":{"start":{"line":86,"column":2},"end":{"line":86,"column":15}},"23":{"start":{"line":87,"column":2},"end":{"line":87,"column":14}},"24":{"start":{"line":88,"column":2},"end":{"line":88,"column":22}},"25":{"start":{"line":91,"column":1},"end":{"line":138,"column":3}},"26":{"start":{"line":96,"column":5},"end":{"line":96,"column":25}},"27":{"start":{"line":129,"column":7},"end":{"line":129,"column":27}}},"fnMap":{"0":{"name":"(anonymous_0)","decl":{"start":{"line":7,"column":23},"end":{"line":7,"column":24}},"loc":{"start":{"line":13,"column":6},"end":{"line":139,"column":1}},"line":13},"1":{"name":"(anonymous_1)","decl":{"start":{"line":17,"column":20},"end":{"line":17,"column":21}},"loc":{"start":{"line":17,"column":32},"end":{"line":89,"column":2}},"line":17},"2":{"name":"(anonymous_2)","decl":{"start":{"line":22,"column":14},"end":{"line":22,"column":15}},"loc":{"start":{"line":22,"column":20},"end":{"line":24,"column":6}},"line":22},"3":{"name":"(anonymous_3)","decl":{"start":{"line":63,"column":14},"end":{"line":63,"column":15}},"loc":{"start":{"line":63,"column":20},"end":{"line":65,"column":6}},"line":63},"4":{"name":"(anonymous_4)","decl":{"start":{"line":77,"column":14},"end":{"line":77,"column":15}},"loc":{"start":{"line":77,"column":20},"end":{"line":79,"column":6}},"line":77},"5":{"name":"(anonymous_5)","decl":{"start":{"line":95,"column":12},"end":{"line":95,"column":13}},"loc":{"start":{"line":95,"column":18},"end":{"line":97,"column":5}},"line":95},"6":{"name":"(anonymous_6)","decl":{"start":{"line":128,"column":15},"end":{"line":128,"column":16}},"loc":{"start":{"line":128,"column":21},"end":{"line":130,"column":7}},"line":128}},"branchMap":{"0":{"loc":{"start":{"line":18,"column":2},"end":{"line":32,"column":3}},"type":"if","locations":[{"start":{"line":18,"column":2},"end":{"line":32,"column":3}},{"start":{},"end":{}}],"line":18},"1":{"loc":{"start":{"line":18,"column":6},"end":{"line":18,"column":33}},"type":"binary-expr","locations":[{"start":{"line":18,"column":6},"end":{"line":18,"column":17}},{"start":{"line":18,"column":21},"end":{"line":18,"column":33}}],"line":18},"2":{"loc":{"start":{"line":36,"column":2},"end":{"line":48,"column":3}},"type":"if","locations":[{"start":{"line":36,"column":2},"end":{"line":48,"column":3}},{"start":{},"end":{}}],"line":36},"3":{"loc":{"start":{"line":73,"column":2},"end":{"line":85,"column":3}},"type":"if","locations":[{"start":{"line":73,"column":2},"end":{"line":85,"column":3}},{"start":{},"end":{}}],"line":73},"4":{"loc":{"start":{"line":73,"column":6},"end":{"line":73,"column":46}},"type":"binary-expr","locations":[{"start":{"line":73,"column":6},"end":{"line":73,"column":24}},{"start":{"line":73,"column":28},"end":{"line":73,"column":46}}],"line":73}},"s":{"0":1,"1":4,"2":4,"3":4,"4":1,"5":0,"6":0,"7":0,"8":0,"9":1,"10":1,"11":1,"12":1,"13":0,"14":0,"15":0,"16":0,"17":0,"18":0,"19":0,"20":0,"21":0,"22":0,"23":0,"24":0,"25":4,"26":0,"27":0},"f":{"0":4,"1":1,"2":0,"3":0,"4":0,"5":0,"6":0},"b":{"0":[0,1],"1":[1,1],"2":[1,0],"3":[0,0],"4":[0,0]},"_coverageSchema":"1a1c01bbd47fc00a2c39e90264f33305004495a9","hash":"a8ee36ca27dec8dce58933a8d16ca6fbd7c3a7c3"}
,"C:\\Users\\RGambelic\\Desktop\\blogproject\\src\\components\\NavbarComponent.jsx": {"path":"C:\\Users\\RGambelic\\Desktop\\blogproject\\src\\components\\NavbarComponent.jsx","statementMap":{"0":{"start":{"line":5,"column":24},"end":{"line":66,"column":1}},"1":{"start":{"line":6,"column":37},"end":{"line":6,"column":49}},"2":{"start":{"line":8,"column":22},"end":{"line":24,"column":2}},"3":{"start":{"line":9,"column":2},"end":{"line":9,"column":21}},"4":{"start":{"line":10,"column":2},"end":{"line":23,"column":3}},"5":{"start":{"line":11,"column":15},"end":{"line":18,"column":4}},"6":{"start":{"line":19,"column":20},"end":{"line":19,"column":39}},"7":{"start":{"line":20,"column":3},"end":{"line":20,"column":30}},"8":{"start":{"line":22,"column":3},"end":{"line":22,"column":20}},"9":{"start":{"line":26,"column":1},"end":{"line":65,"column":3}},"10":{"start":{"line":31,"column":5},"end":{"line":31,"column":24}},"11":{"start":{"line":32,"column":5},"end":{"line":32,"column":23}},"12":{"start":{"line":42,"column":7},"end":{"line":42,"column":23}},"13":{"start":{"line":52,"column":8},"end":{"line":52,"column":38}}},"fnMap":{"0":{"name":"(anonymous_0)","decl":{"start":{"line":5,"column":24},"end":{"line":5,"column":25}},"loc":{"start":{"line":5,"column":50},"end":{"line":66,"column":1}},"line":5},"1":{"name":"(anonymous_1)","decl":{"start":{"line":8,"column":22},"end":{"line":8,"column":23}},"loc":{"start":{"line":8,"column":33},"end":{"line":24,"column":2}},"line":8},"2":{"name":"(anonymous_2)","decl":{"start":{"line":30,"column":13},"end":{"line":30,"column":14}},"loc":{"start":{"line":30,"column":18},"end":{"line":33,"column":5}},"line":30},"3":{"name":"(anonymous_3)","decl":{"start":{"line":41,"column":16},"end":{"line":41,"column":17}},"loc":{"start":{"line":41,"column":21},"end":{"line":43,"column":7}},"line":41},"4":{"name":"(anonymous_4)","decl":{"start":{"line":51,"column":17},"end":{"line":51,"column":18}},"loc":{"start":{"line":51,"column":22},"end":{"line":53,"column":8}},"line":51}},"branchMap":{},"s":{"0":1,"1":3,"2":3,"3":0,"4":0,"5":0,"6":0,"7":0,"8":0,"9":3,"10":1,"11":1,"12":0,"13":1},"f":{"0":3,"1":0,"2":1,"3":0,"4":1},"b":{},"_coverageSchema":"1a1c01bbd47fc00a2c39e90264f33305004495a9","hash":"58f68fb1281876290c284dd57044b763729564aa"}
}
