TN:
SF:src\components\Header.jsx
FN:4,(anonymous_0)
FN:26,(anonymous_1)
FNF:2
FNH:2
FNDA:2,(anonymous_0)
FNDA:1,(anonymous_1)
DA:4,1
DA:5,2
DA:27,1
LF:3
LH:3
BRF:0
BRH:0
end_of_record
TN:
SF:src\components\ModalComponent.jsx
FN:7,(anonymous_0)
FN:17,(anonymous_1)
FN:22,(anonymous_2)
FN:63,(anonymous_3)
FN:77,(anonymous_4)
FN:95,(anonymous_5)
FN:128,(anonymous_6)
FNF:7
FNH:2
FNDA:4,(anonymous_0)
FNDA:1,(anonymous_1)
FNDA:0,(anonymous_2)
FNDA:0,(anonymous_3)
FNDA:0,(anonymous_4)
FNDA:0,(anonymous_5)
FNDA:0,(anonymous_6)
DA:7,1
DA:14,4
DA:15,4
DA:17,4
DA:18,1
DA:19,0
DA:23,0
DA:30,0
DA:31,0
DA:34,1
DA:36,1
DA:37,1
DA:38,1
DA:46,0
DA:49,0
DA:50,0
DA:60,0
DA:64,0
DA:72,0
DA:73,0
DA:74,0
DA:78,0
DA:86,0
DA:87,0
DA:88,0
DA:91,4
DA:96,0
DA:129,0
LF:28
LH:10
BRDA:18,0,0,0
BRDA:18,0,1,1
BRDA:18,1,0,1
BRDA:18,1,1,1
BRDA:36,2,0,1
BRDA:36,2,1,0
BRDA:73,3,0,0
BRDA:73,3,1,0
BRDA:73,4,0,0
BRDA:73,4,1,0
BRF:10
BRH:4
end_of_record
TN:
SF:src\components\NavbarComponent.jsx
FN:5,(anonymous_0)
FN:8,(anonymous_1)
FN:30,(anonymous_2)
FN:41,(anonymous_3)
FN:51,(anonymous_4)
FNF:5
FNH:3
FNDA:3,(anonymous_0)
FNDA:0,(anonymous_1)
FNDA:1,(anonymous_2)
FNDA:0,(anonymous_3)
FNDA:1,(anonymous_4)
DA:5,1
DA:6,3
DA:8,3
DA:9,0
DA:10,0
DA:11,0
DA:19,0
DA:20,0
DA:22,0
DA:26,3
DA:31,1
DA:32,1
DA:42,0
DA:52,1
LF:14
LH:7
BRF:0
BRH:0
end_of_record
